<?xml version="1.0" encoding="UTF-8"?>
<testsuite name="edu.upc.prop.clusterxx.domini.TestUsuari" tests="5" skipped="0" failures="0" errors="0" timestamp="2025-12-22T21:21:00" hostname="Ubuntu-2204" time="0.004">
  <properties/>
  <testcase name="testModificarEnquestesUsuari" classname="edu.upc.prop.clusterxx.domini.TestUsuari" time="0.001"/>
  <testcase name="testLoginUsuari" classname="edu.upc.prop.clusterxx.domini.TestUsuari" time="0.001"/>
  <testcase name="testCheckPassword" classname="edu.upc.prop.clusterxx.domini.TestUsuari" time="0.001"/>
  <testcase name="testConstructoraUsuari" classname="edu.upc.prop.clusterxx.domini.TestUsuari" time="0.001"/>
  <testcase name="testLoginDiversosUsuaris" classname="edu.upc.prop.clusterxx.domini.TestUsuari" time="0.0"/>
  <system-out><![CDATA[]]></system-out>
  <system-err><![CDATA[]]></system-err>
</testsuite>
