<?xml version="1.0" encoding="UTF-8"?>
<testsuite name="edu.upc.prop.clusterxx.domini.TestPregunta" tests="27" skipped="0" failures="0" errors="0" timestamp="2025-11-26T16:40:04" hostname="LAPTOP-LVPJG8BN" time="0.009">
  <properties/>
  <testcase name="testValidarRespostaNumericaSenseRang" classname="edu.upc.prop.clusterxx.domini.TestPregunta" time="0.002"/>
  <testcase name="testSetRangNumNoNumerica" classname="edu.upc.prop.clusterxx.domini.TestPregunta" time="0.0"/>
  <testcase name="testEliminarOpcionsPreguntaQualitativa" classname="edu.upc.prop.clusterxx.domini.TestPregunta" time="0.001"/>
  <testcase name="testAfegirOpcionsPreguntaQualitativa" classname="edu.upc.prop.clusterxx.domini.TestPregunta" time="0.0"/>
  <testcase name="testConstructoraTextLliure" classname="edu.upc.prop.clusterxx.domini.TestPregunta" time="0.0"/>
  <testcase name="testSetGetTextPregunta" classname="edu.upc.prop.clusterxx.domini.TestPregunta" time="0.0"/>
  <testcase name="testToStringQualitativaSimple" classname="edu.upc.prop.clusterxx.domini.TestPregunta" time="0.001"/>
  <testcase name="testEliminarOpcioInexistentNoCanvia" classname="edu.upc.prop.clusterxx.domini.TestPregunta" time="0.0"/>
  <testcase name="testToStringNumerica" classname="edu.upc.prop.clusterxx.domini.TestPregunta" time="0.0"/>
  <testcase name="constructorAmbString_mappingTipus" classname="edu.upc.prop.clusterxx.domini.TestPregunta" time="0.0"/>
  <testcase name="testToStringTextLliure" classname="edu.upc.prop.clusterxx.domini.TestPregunta" time="0.001"/>
  <testcase name="testSetGetMaxSeleccions" classname="edu.upc.prop.clusterxx.domini.TestPregunta" time="0.0"/>
  <testcase name="testValidarRespostesNumerica" classname="edu.upc.prop.clusterxx.domini.TestPregunta" time="0.0"/>
  <testcase name="testSetGetRangNum" classname="edu.upc.prop.clusterxx.domini.TestPregunta" time="0.0"/>
  <testcase name="testConstructoraQualitativaNoOrdenadaSimple" classname="edu.upc.prop.clusterxx.domini.TestPregunta" time="0.0"/>
  <testcase name="testGetOpcioInexistent" classname="edu.upc.prop.clusterxx.domini.TestPregunta" time="0.0"/>
  <testcase name="testToStringQualitativaMúltiple" classname="edu.upc.prop.clusterxx.domini.TestPregunta" time="0.0"/>
  <testcase name="testAfegirOpcioPreguntaNoQualitativa" classname="edu.upc.prop.clusterxx.domini.TestPregunta" time="0.0"/>
  <testcase name="testValidarRespostesQualitativaMultiple" classname="edu.upc.prop.clusterxx.domini.TestPregunta" time="0.001"/>
  <testcase name="testTipusOpcions" classname="edu.upc.prop.clusterxx.domini.TestPregunta" time="0.0"/>
  <testcase name="testConstructoraQualitativaNoOrdenadaMultiple" classname="edu.upc.prop.clusterxx.domini.TestPregunta" time="0.0"/>
  <testcase name="testValidarRespostaTextLliure" classname="edu.upc.prop.clusterxx.domini.TestPregunta" time="0.0"/>
  <testcase name="testGetOpcionsNoModifica" classname="edu.upc.prop.clusterxx.domini.TestPregunta" time="0.0"/>
  <testcase name="testValidarRespostesQualitativa" classname="edu.upc.prop.clusterxx.domini.TestPregunta" time="0.001"/>
  <testcase name="testValidarRespostaQualitativaMultipleAmbEspais" classname="edu.upc.prop.clusterxx.domini.TestPregunta" time="0.0"/>
  <testcase name="testConstructoraNumerica" classname="edu.upc.prop.clusterxx.domini.TestPregunta" time="0.0"/>
  <testcase name="testConstructoraQualitativaOrdenada" classname="edu.upc.prop.clusterxx.domini.TestPregunta" time="0.0"/>
  <system-out><![CDATA[]]></system-out>
  <system-err><![CDATA[]]></system-err>
</testsuite>
