<?xml version="1.0" encoding="UTF-8"?>
<testsuite name="edu.upc.prop.clusterxx.persistencia.TestPersistencia" tests="10" skipped="0" failures="0" errors="0" timestamp="2025-12-03T11:25:42" hostname="DARI" time="0.113">
  <properties/>
  <testcase name="test01_GuardarICarregarUsuari" classname="edu.upc.prop.clusterxx.persistencia.TestPersistencia" time="0.026"/>
  <testcase name="test02_GuardarMultiplesUsuaris" classname="edu.upc.prop.clusterxx.persistencia.TestPersistencia" time="0.007"/>
  <testcase name="test03_GuardarEnquestaBuida" classname="edu.upc.prop.clusterxx.persistencia.TestPersistencia" time="0.007"/>
  <testcase name="test04_GuardarEnquestaAmbPreguntes" classname="edu.upc.prop.clusterxx.persistencia.TestPersistencia" time="0.02"/>
  <testcase name="test05_EliminarEnquesta" classname="edu.upc.prop.clusterxx.persistencia.TestPersistencia" time="0.007"/>
  <testcase name="test06_GuardarICarregarPerfils" classname="edu.upc.prop.clusterxx.persistencia.TestPersistencia" time="0.008"/>
  <testcase name="test07_CtrlPersistenciaSingleton" classname="edu.upc.prop.clusterxx.persistencia.TestPersistencia" time="0.004"/>
  <testcase name="test08_CtrlPersistenciaAfegirUsuari" classname="edu.upc.prop.clusterxx.persistencia.TestPersistencia" time="0.007"/>
  <testcase name="test09_CtrlPersistenciaAfegirEnquesta" classname="edu.upc.prop.clusterxx.persistencia.TestPersistencia" time="0.01"/>
  <testcase name="test10_PersistenciaSobreviuReinicio" classname="edu.upc.prop.clusterxx.persistencia.TestPersistencia" time="0.002"/>
  <system-out><![CDATA[]]></system-out>
  <system-err><![CDATA[]]></system-err>
</testsuite>
